2014-04-10 22:38:35,269 INFO Downloading http://www.flipkart.com/apple-64gb-ipad-mini-wi-fi-cellular/p/itmdfymkvzezqaag?pid=TABDFWGGDCHRQJAH&icmpid=reco_pp_same_tablet_4
2014-04-10 23:01:52,129 INFO Downloading http://www.flipkart.com/womens-clothing/dresses-skirts/pr?p%5B%5D=facets.brand%255B%255D%3DElle&p%5B%5D=sort%3Dpopularity&sid=2oq,c1r,xzt&otracker=ch_vn_dressesski_filter_Top%20Brands_Elle
2014-04-10 23:24:25,899 INFO Downloading http://www.flipkart.com/elle-women-s-shift-dress/p/itmdp5z5hshafbjd?pid=DREDP5Z5DQMADYQB&srno=b_1&ref=e2a3023e-f670-4f79-a614-57ee5e7f7335
2014-04-10 23:25:31,172 INFO Downloading http://www.flipkart.com/elle-women-s-shift-dress/p/itmdp5z5xsdwwphu?pid=DREDP5Z5DCRKAZJG&icmpid=reco_pp_same_clothing_3
2014-04-10 23:26:29,195 INFO Downloading http://www.flipkart.com/elle-women-s-shift-dress/p/itmdz6eqezp6mzha?pid=DREDZ6EZGDTHRTFH&icmpid=reco_pp_same_clothing_5
2014-04-10 23:45:10,147 INFO Downloading http://www.flipkart.com/elle-women-s-shift-dress/p/itmdp5z5hshafbjd?pid=DREDP5Z5PFZGSF8Z&icmpid=reco_pp_same_clothing_5
2014-04-11 00:00:05,418 INFO Downloading http://www.flipkart.com/elle-women-s-dress/p/itmdp5z5nvfqggw4?pid=DREDP5Z5BTC9U2UY&icmpid=reco_pp_same_clothing_2
2014-04-11 10:19:31,120 INFO Downloading http://www.amazon.com/gp/product/B00GY6X9RK/ref=s9_simh_gw_p107_d1_i3?pf_rd_m=ATVPDKIKX0DER&pf_rd_s=center-8&pf_rd_r=1KTM8Y4SSZMRJ5BYKN59&pf_rd_t=101&pf_rd_p=1688200302&pf_rd_i=507846
2014-04-11 10:24:54,440 INFO Downloading http://www.flipkart.com/rearview-my-roadies-journey/p/itmdqhrq7qepn5pz?pid=9788129129116&otracker=hp_mod_books_bestseller_prd_img
2014-04-11 10:26:08,340 INFO Downloading http://www.flipkart.com/elle-women-s-gathered-dress/p/itmdz6eqzaga2hht?pid=DREDZ6EZ2XNRTEQ4&icmpid=reco_pp_personalhistoryFooter_dress_5
2014-04-11 10:50:16,046 INFO Downloading history.HistoryAccessor.init_db()
2014-04-11 10:50:16,048 INFO Download error: history.HistoryAccessor.init_db() unknown url type: history.HistoryAccessor.init_db()
2014-05-07 12:29:37,376 INFO Downloading http://www.flipkart.com/nokia-lumia-520/p/itmdnzzqwuyxduk5?pid=MOBDJ4ZNC7PTMG68&srno=b_2&ref=4934d97b-a27c-4c6d-8b55-bbe276b641af
2014-05-07 13:59:50,365 INFO Downloading http://www.flipkart.com/micromax-canvas-doodle-a111/p/itmdpa9mraqc9nxt?pid=MOBDKXFWQFCWTFGY&srno=b_1&ref=bb4e3e65-b104-4727-a89e-b4cd7961da95 
2014-05-07 14:54:56,418 INFO Downloading http://www.flipkart.com/moto-g/p/itmdsmbxcrm9wy8r?pid=MOBDSGU2ZMDYENQA&srno=b_1&ref=45b667da-25a2-44e3-aa22-a572ebc13bac 
2014-05-07 14:58:04,460 INFO Downloading http://www.amazon.com/Ultimate-Sticker-Book-Frozen-Books/dp/1465414053/ref=acs_ux_rw_ts_b_books_9_i?_encoding=UTF8&s=books&pf_rd_m=ATVPDKIKX0DER&pf_rd_s=merchandised-search-5&pf_rd_r=1B7TFKR82B3WB1NQY5N9&pf_rd_t=101&pf_rd_p=1615333102&pf_rd_i=283155 
2014-05-07 14:59:02,659 INFO Downloading http://www.amazon.com/The-Fault-Stars-John-Green/dp/014242417X/ref=zg_bs_books_1 
2014-05-07 15:18:03,155 INFO Downloading http://www.flipkart.com/scullers-men-s-checkered-casual-shirt/p/itmduvc4fpgtktkf?pid=SHTDUJF6XSSNB92T&srno=b_2&ref=061ff473-916d-4d67-a891-f88336458e30 
2014-05-07 15:19:44,083 INFO Downloading http://www.amazon.com/New-Balance-WL574-Island-Running/dp/B00EYNIPDI/ref=sr_1_18?s=shoes&ie=UTF8&qid=1399456155&sr=1-18 
2014-05-07 15:32:51,145 INFO Downloading http://www.amazon.com/Technica-AT-LP60USB-Automatic-Turntable-USB/dp/B002GYTPB8/ref=sr_1_2?m=A21C4U5X700J66&s=aht&ie=UTF8&qid=1399456953&sr=1-2 
2014-05-07 15:33:18,786 INFO Downloading http://www.amazon.com/Sony-SS-B1000-4-Inch-Bookshelf-Speakers/dp/B000OG88KY/ref=pd_sim__6?ie=UTF8&refRID=1KF8VDQ662KNP45EAFBJ 
2014-05-07 15:33:53,027 INFO Downloading http://www.flipkart.com/nikon-coolpix-s6500-advance-point-shoot-camera/p/itmdhwhazwmhwuuc?pid=CAMDHWH7VXRSGUH9&srno=b_2&ref=06737cf3-15e6-4677-b295-a57ac57f3712 
2014-05-07 15:35:09,554 INFO Downloading http://www.flipkart.com/sandisk-cruzer-blade-16-gb-pen-drive/p/itmczc2ndmuqrmt7?pid=ACCCWPADYYFEJ7ZG&icmpid=reco_pp_recoBundle__tab1_2&ppid=CAMDHWH7VXRSGUH9 
2014-05-07 15:37:16,766 INFO Downloading http://www.flipkart.com/transcend-microsd-card-8-gb-class-4/p/itmd4sbmrsnqw8sw?pid=ACCD4SBHRXV9B8UA&icmpid=reco_pp_cross_memory_card_2&ppid=ACCCWPADYYFEJ7ZG 
2014-05-07 15:38:59,204 INFO Downloading http://www.flipkart.com/transcend-jetflash-500-8-gb-pen-drive/p/itmczcsuedweymgw?pid=ACCCWPAPNW78ZEME&icmpid=reco_pp_cross_pendrive_3&ppid=ACCD4SBHRXV9B8UA 
2014-05-07 15:40:11,082 INFO Downloading http://www.amazon.com/Sherwood-RX-4109-Stereo-Receiver-Black/dp/B000MBUSD6/ref=pd_sim_e_6?ie=UTF8&refRID=064NWPNBA1M0MTHZFZH9 
